e:\repositories\openq4\build_debug\openq4.dir\debug\cmake_pch.cxx.pch
e:\repositories\openq4\build_debug\openq4.dir\debug\vc145.pdb
e:\repositories\openq4\build_debug\openq4.dir\debug\cmake_pch.cxx.obj
e:\repositories\openq4\build_debug\openq4.dir\debug\cmake_pch.pch
e:\repositories\openq4\build_debug\openq4.dir\debug\cmake_pch.c.obj
e:\repositories\openq4\build_debug\openq4.dir\debug\collisionmodel_translate.obj
e:\repositories\openq4\build_debug\openq4.dir\debug\collisionmodel_trace.obj
e:\repositories\openq4\build_debug\openq4.dir\debug\collisionmodel_rotate.obj
e:\repositories\openq4\build_debug\openq4.dir\debug\collisionmodel_load.obj
e:\repositories\openq4\build_debug\openq4.dir\debug\collisionmodel_files.obj
e:\repositories\openq4\build_debug\openq4.dir\debug\collisionmodel_debug.obj
e:\repositories\openq4\build_debug\openq4.dir\debug\collisionmodel_contents.obj
e:\repositories\openq4\build_debug\openq4.dir\debug\collisionmodel_contacts.obj
e:\repositories\openq4\build_debug\openq4.dir\debug\collisionmodel.obj
e:\repositories\openq4\build_debug\openq4.dir\debug\bse_segmenttemplate.obj
e:\repositories\openq4\build_debug\openq4.dir\debug\bse_segment.obj
e:\repositories\openq4\build_debug\openq4.dir\debug\bse_parseparticle2.obj
e:\repositories\openq4\build_debug\openq4.dir\debug\bse_manager.obj
e:\repositories\openq4\build_debug\openq4.dir\debug\bse_envelopes.obj
e:\repositories\openq4\build_debug\openq4.dir\debug\bse_effecttemplate.obj
e:\repositories\openq4\build_debug\openq4.dir\debug\bse_effect.obj
e:\repositories\openq4\build_debug\openq4.dir\debug\aasfile_sample.obj
e:\repositories\openq4\build_debug\openq4.dir\debug\aasfile_optimize.obj
e:\repositories\openq4\build_debug\openq4.dir\debug\aasfilemanager.obj
e:\repositories\openq4\build_debug\openq4.dir\debug\aasfile.obj
e:\repositories\openq4\build_debug\openq4.dir\debug\keyinput.obj
e:\repositories\openq4\build_debug\openq4.dir\debug\filesystem.obj
e:\repositories\openq4\build_debug\openq4.dir\debug\file.obj
e:\repositories\openq4\build_debug\openq4.dir\debug\eventloop.obj
e:\repositories\openq4\build_debug\openq4.dir\debug\editfield.obj
e:\repositories\openq4\build_debug\openq4.dir\debug\demofile.obj
e:\repositories\openq4\build_debug\openq4.dir\debug\decltable.obj
e:\repositories\openq4\build_debug\openq4.dir\debug\declskin.obj
e:\repositories\openq4\build_debug\openq4.dir\debug\declplayermodel.obj
e:\repositories\openq4\build_debug\openq4.dir\debug\declplayback.obj
e:\repositories\openq4\build_debug\openq4.dir\debug\declmattype.obj
e:\repositories\openq4\build_debug\openq4.dir\debug\declmanager.obj
e:\repositories\openq4\build_debug\openq4.dir\debug\decllipsync.obj
e:\repositories\openq4\build_debug\openq4.dir\debug\declentitydef.obj
e:\repositories\openq4\build_debug\openq4.dir\debug\declaf.obj
e:\repositories\openq4\build_debug\openq4.dir\debug\console.obj
e:\repositories\openq4\build_debug\openq4.dir\debug\compressor.obj
e:\repositories\openq4\build_debug\openq4.dir\debug\common.obj
e:\repositories\openq4\build_debug\openq4.dir\debug\cmdsystem.obj
e:\repositories\openq4\build_debug\openq4.dir\debug\cvarsystem.obj
e:\repositories\openq4\build_debug\openq4.dir\debug\parser.obj
e:\repositories\openq4\build_debug\openq4.dir\debug\lib.obj
e:\repositories\openq4\build_debug\openq4.dir\debug\lexerfactory.obj
e:\repositories\openq4\build_debug\openq4.dir\debug\lexer.obj
e:\repositories\openq4\build_debug\openq4.dir\debug\langdict.obj
e:\repositories\openq4\build_debug\openq4.dir\debug\heap.obj
e:\repositories\openq4\build_debug\openq4.dir\debug\dict.obj
e:\repositories\openq4\build_debug\openq4.dir\debug\cmdargs.obj
e:\repositories\openq4\build_debug\openq4.dir\debug\bitmsg.obj
e:\repositories\openq4\build_debug\openq4.dir\debug\base64.obj
e:\repositories\openq4\build_debug\openq4.dir\debug\serverscan.obj
e:\repositories\openq4\build_debug\openq4.dir\debug\networksystem.obj
e:\repositories\openq4\build_debug\openq4.dir\debug\msgchannel.obj
e:\repositories\openq4\build_debug\openq4.dir\debug\asyncserver.obj
e:\repositories\openq4\build_debug\openq4.dir\debug\asyncnetwork.obj
e:\repositories\openq4\build_debug\openq4.dir\debug\asyncclient.obj
e:\repositories\openq4\build_debug\openq4.dir\debug\usercmdgen.obj
e:\repositories\openq4\build_debug\openq4.dir\debug\unzip.obj
e:\repositories\openq4\build_debug\openq4.dir\debug\session_menu.obj
e:\repositories\openq4\build_debug\openq4.dir\debug\session.obj
e:\repositories\openq4\build_debug\openq4.dir\debug\surface_sweptspline.obj
e:\repositories\openq4\build_debug\openq4.dir\debug\surface_polytope.obj
e:\repositories\openq4\build_debug\openq4.dir\debug\surface_patch.obj
e:\repositories\openq4\build_debug\openq4.dir\debug\surface.obj
e:\repositories\openq4\build_debug\openq4.dir\debug\jointtransform.obj
e:\repositories\openq4\build_debug\openq4.dir\debug\hashindex.obj
e:\repositories\openq4\build_debug\openq4.dir\debug\sphere.obj
e:\repositories\openq4\build_debug\openq4.dir\debug\frustum.obj
e:\repositories\openq4\build_debug\openq4.dir\debug\box.obj
e:\repositories\openq4\build_debug\openq4.dir\debug\bounds.obj
e:\repositories\openq4\build_debug\openq4.dir\debug\rvmemsys.obj
e:\repositories\openq4\build_debug\openq4.dir\debug\rvheaparena.obj
e:\repositories\openq4\build_debug\openq4.dir\debug\rvheap.obj
e:\repositories\openq4\build_debug\openq4.dir\debug\precompiled.obj
e:\repositories\openq4\build_debug\openq4.dir\debug\mapfile.obj
e:\repositories\openq4\build_debug\openq4.dir\debug\token.obj
e:\repositories\openq4\build_debug\openq4.dir\debug\timingcollection.obj
e:\repositories\openq4\build_debug\openq4.dir\debug\timer.obj
e:\repositories\openq4\build_debug\openq4.dir\debug\textcompiler.obj
e:\repositories\openq4\build_debug\openq4.dir\debug\str.obj
e:\repositories\openq4\build_debug\openq4.dir\debug\quat.obj
e:\repositories\openq4\build_debug\openq4.dir\debug\polynomial.obj
e:\repositories\openq4\build_debug\openq4.dir\debug\pluecker.obj
e:\repositories\openq4\build_debug\openq4.dir\debug\plane.obj
e:\repositories\openq4\build_debug\openq4.dir\debug\ode.obj
e:\repositories\openq4\build_debug\openq4.dir\debug\matrix.obj
e:\repositories\openq4\build_debug\openq4.dir\debug\math.obj
e:\repositories\openq4\build_debug\openq4.dir\debug\lcp.obj
e:\repositories\openq4\build_debug\openq4.dir\debug\fft.obj
e:\repositories\openq4\build_debug\openq4.dir\debug\complex.obj
e:\repositories\openq4\build_debug\openq4.dir\debug\angles.obj
e:\repositories\openq4\build_debug\openq4.dir\debug\md5.obj
e:\repositories\openq4\build_debug\openq4.dir\debug\md4.obj
e:\repositories\openq4\build_debug\openq4.dir\debug\honeyman.obj
e:\repositories\openq4\build_debug\openq4.dir\debug\crc8.obj
e:\repositories\openq4\build_debug\openq4.dir\debug\crc32.obj
e:\repositories\openq4\build_debug\openq4.dir\debug\crc16.obj
e:\repositories\openq4\build_debug\openq4.dir\debug\winding2d.obj
e:\repositories\openq4\build_debug\openq4.dir\debug\winding.obj
e:\repositories\openq4\build_debug\openq4.dir\debug\tracemodel.obj
e:\repositories\openq4\build_debug\openq4.dir\debug\modeloverlay.obj
e:\repositories\openq4\build_debug\openq4.dir\debug\modelmanager.obj
e:\repositories\openq4\build_debug\openq4.dir\debug\modeldecal.obj
e:\repositories\openq4\build_debug\openq4.dir\debug\model.obj
e:\repositories\openq4\build_debug\openq4.dir\debug\material.obj
e:\repositories\openq4\build_debug\openq4.dir\debug\interaction.obj
e:\repositories\openq4\build_debug\openq4.dir\debug\image_program.obj
e:\repositories\openq4\build_debug\openq4.dir\debug\image_process.obj
e:\repositories\openq4\build_debug\openq4.dir\debug\image_load.obj
e:\repositories\openq4\build_debug\openq4.dir\debug\image_intrinsic.obj
e:\repositories\openq4\build_debug\openq4.dir\debug\image_files.obj
e:\repositories\openq4\build_debug\openq4.dir\debug\imagemanager.obj
e:\repositories\openq4\build_debug\openq4.dir\debug\guimodel.obj
e:\repositories\openq4\build_debug\openq4.dir\debug\cinematic.obj
e:\repositories\openq4\build_debug\openq4.dir\debug\binaryimage.obj
e:\repositories\openq4\build_debug\openq4.dir\debug\vector.obj
e:\repositories\openq4\build_debug\openq4.dir\debug\simd_generic.obj
e:\repositories\openq4\build_debug\openq4.dir\debug\simd.obj
e:\repositories\openq4\build_debug\openq4.dir\debug\rotation.obj
e:\repositories\openq4\build_debug\openq4.dir\debug\radians.obj
e:\repositories\openq4\build_debug\openq4.dir\debug\draw_common.obj
e:\repositories\openq4\build_debug\openq4.dir\debug\draw_arb2.obj
e:\repositories\openq4\build_debug\openq4.dir\debug\cg_explicit.obj
e:\repositories\openq4\build_debug\openq4.dir\debug\vertexcache.obj
e:\repositories\openq4\build_debug\openq4.dir\debug\renderworld_portals.obj
e:\repositories\openq4\build_debug\openq4.dir\debug\renderworld_load.obj
e:\repositories\openq4\build_debug\openq4.dir\debug\renderworld_demo.obj
e:\repositories\openq4\build_debug\openq4.dir\debug\renderworld.obj
e:\repositories\openq4\build_debug\openq4.dir\debug\rendersystem_init.obj
e:\repositories\openq4\build_debug\openq4.dir\debug\rendersystem.obj
e:\repositories\openq4\build_debug\openq4.dir\debug\renderentity.obj
e:\repositories\openq4\build_debug\openq4.dir\debug\model_sprite.obj
e:\repositories\openq4\build_debug\openq4.dir\debug\model_prt.obj
e:\repositories\openq4\build_debug\openq4.dir\debug\model_md5.obj
e:\repositories\openq4\build_debug\openq4.dir\debug\model_md3.obj
e:\repositories\openq4\build_debug\openq4.dir\debug\model_ma.obj
e:\repositories\openq4\build_debug\openq4.dir\debug\model_lwo.obj
e:\repositories\openq4\build_debug\openq4.dir\debug\model_liquid.obj
e:\repositories\openq4\build_debug\openq4.dir\debug\model_beam.obj
e:\repositories\openq4\build_debug\openq4.dir\debug\model_ase.obj
e:\repositories\openq4\build_debug\openq4.dir\debug\dxtdecoder.obj
e:\repositories\openq4\build_debug\openq4.dir\debug\colorspace.obj
e:\repositories\openq4\build_debug\openq4.dir\debug\tr_turboshadow.obj
e:\repositories\openq4\build_debug\openq4.dir\debug\tr_trisurf.obj
e:\repositories\openq4\build_debug\openq4.dir\debug\tr_trace.obj
e:\repositories\openq4\build_debug\openq4.dir\debug\tr_subview.obj
e:\repositories\openq4\build_debug\openq4.dir\debug\tr_stencilshadow.obj
e:\repositories\openq4\build_debug\openq4.dir\debug\tr_shadowbounds.obj
e:\repositories\openq4\build_debug\openq4.dir\debug\tr_rendertools.obj
e:\repositories\openq4\build_debug\openq4.dir\debug\tr_render.obj
e:\repositories\openq4\build_debug\openq4.dir\debug\tr_polytope.obj
e:\repositories\openq4\build_debug\openq4.dir\debug\tr_orderindexes.obj
e:\repositories\openq4\build_debug\openq4.dir\debug\tr_main.obj
e:\repositories\openq4\build_debug\openq4.dir\debug\tr_lightrun.obj
e:\repositories\openq4\build_debug\openq4.dir\debug\tr_light.obj
e:\repositories\openq4\build_debug\openq4.dir\debug\tr_guisurf.obj
e:\repositories\openq4\build_debug\openq4.dir\debug\tr_font.obj
e:\repositories\openq4\build_debug\openq4.dir\debug\tr_deform.obj
e:\repositories\openq4\build_debug\openq4.dir\debug\tr_backend.obj
e:\repositories\openq4\build_debug\openq4.dir\debug\draw_exp_stub.obj
e:\repositories\openq4\build_debug\openq4.dir\debug\wavefile.obj
e:\repositories\openq4\build_debug\openq4.dir\debug\soundvoice.obj
e:\repositories\openq4\build_debug\openq4.dir\debug\usurface.obj
e:\repositories\openq4\build_debug\openq4.dir\debug\ubrush.obj
e:\repositories\openq4\build_debug\openq4.dir\debug\tritools.obj
e:\repositories\openq4\build_debug\openq4.dir\debug\tritjunction.obj
e:\repositories\openq4\build_debug\openq4.dir\debug\shadowopt3.obj
e:\repositories\openq4\build_debug\openq4.dir\debug\portals.obj
e:\repositories\openq4\build_debug\openq4.dir\debug\output.obj
e:\repositories\openq4\build_debug\openq4.dir\debug\optimize_gcc.obj
e:\repositories\openq4\build_debug\openq4.dir\debug\optimize.obj
e:\repositories\openq4\build_debug\openq4.dir\debug\map.obj
e:\repositories\openq4\build_debug\openq4.dir\debug\leakfile.obj
e:\repositories\openq4\build_debug\openq4.dir\debug\glfile.obj
e:\repositories\openq4\build_debug\openq4.dir\debug\gldraw.obj
e:\repositories\openq4\build_debug\openq4.dir\debug\facebsp.obj
e:\repositories\openq4\build_debug\openq4.dir\debug\dmap.obj
e:\repositories\openq4\build_debug\openq4.dir\debug\gl_rendertexture.obj
e:\repositories\openq4\build_debug\openq4.dir\debug\gl_image.obj
e:\repositories\openq4\build_debug\openq4.dir\debug\dxtencoder.obj
e:\repositories\openq4\build_debug\openq4.dir\debug\win_wndproc.obj
e:\repositories\openq4\build_debug\openq4.dir\debug\win_taskkeyhook.obj
e:\repositories\openq4\build_debug\openq4.dir\debug\win_syscon.obj
e:\repositories\openq4\build_debug\openq4.dir\debug\win_snd.obj
e:\repositories\openq4\build_debug\openq4.dir\debug\win_shared.obj
e:\repositories\openq4\build_debug\openq4.dir\debug\win_qgl.obj
e:\repositories\openq4\build_debug\openq4.dir\debug\win_net.obj
e:\repositories\openq4\build_debug\openq4.dir\debug\win_main.obj
e:\repositories\openq4\build_debug\openq4.dir\debug\win_input.obj
e:\repositories\openq4\build_debug\openq4.dir\debug\win_glimp.obj
e:\repositories\openq4\build_debug\openq4.dir\debug\win_gamma.obj
e:\repositories\openq4\build_debug\openq4.dir\debug\win_cpu.obj
e:\repositories\openq4\build_debug\openq4.dir\debug\sys_local.obj
e:\repositories\openq4\build_debug\openq4.dir\debug\al_soundvoice.obj
e:\repositories\openq4\build_debug\openq4.dir\debug\al_soundsample.obj
e:\repositories\openq4\build_debug\openq4.dir\debug\al_soundhardware.obj
e:\repositories\openq4\build_debug\openq4.dir\debug\snd_world.obj
e:\repositories\openq4\build_debug\openq4.dir\debug\snd_system.obj
e:\repositories\openq4\build_debug\openq4.dir\debug\snd_shader.obj
e:\repositories\openq4\build_debug\openq4.dir\debug\snd_emitter.obj
e:\repositories\openq4\build_debug\openq4.dir\debug\winvar.obj
e:\repositories\openq4\build_debug\openq4.dir\debug\window.obj
e:\repositories\openq4\build_debug\openq4.dir\debug\userinterface.obj
e:\repositories\openq4\build_debug\openq4.dir\debug\sliderwindow.obj
e:\repositories\openq4\build_debug\openq4.dir\debug\simplewindow.obj
e:\repositories\openq4\build_debug\openq4.dir\debug\renderwindow.obj
e:\repositories\openq4\build_debug\openq4.dir\debug\regexp.obj
e:\repositories\openq4\build_debug\openq4.dir\debug\markerwindow.obj
e:\repositories\openq4\build_debug\openq4.dir\debug\listwindow.obj
e:\repositories\openq4\build_debug\openq4.dir\debug\listgui.obj
e:\repositories\openq4\build_debug\openq4.dir\debug\guiscript.obj
e:\repositories\openq4\build_debug\openq4.dir\debug\gamewindow.obj
e:\repositories\openq4\build_debug\openq4.dir\debug\gamessdwindow.obj
e:\repositories\openq4\build_debug\openq4.dir\debug\gamebustoutwindow.obj
e:\repositories\openq4\build_debug\openq4.dir\debug\gamebearshootwindow.obj
e:\repositories\openq4\build_debug\openq4.dir\debug\fieldwindow.obj
e:\repositories\openq4\build_debug\openq4.dir\debug\editwindow.obj
e:\repositories\openq4\build_debug\openq4.dir\debug\devicecontext.obj
e:\repositories\openq4\build_debug\openq4.dir\debug\choicewindow.obj
e:\repositories\openq4\build_debug\openq4.dir\debug\bindwindow.obj
e:\repositories\openq4\build_debug\openq4.dir\debug\item.obj
e:\repositories\openq4\build_debug\openq4.dir\debug\instance.obj
e:\repositories\openq4\build_debug\openq4.dir\debug\ik.obj
e:\repositories\openq4\build_debug\openq4.dir\debug\iconmanager.obj
e:\repositories\openq4\build_debug\openq4.dir\debug\icon.obj
e:\repositories\openq4\build_debug\openq4.dir\debug\healing_station.obj
e:\repositories\openq4\build_debug\openq4.dir\debug\game_render.obj
e:\repositories\openq4\build_debug\openq4.dir\debug\game_network.obj
e:\repositories\openq4\build_debug\openq4.dir\debug\game_log.obj
e:\repositories\openq4\build_debug\openq4.dir\debug\game_local.obj
e:\repositories\openq4\build_debug\openq4.dir\debug\game_debug.obj
e:\repositories\openq4\build_debug\openq4.dir\debug\gameedit.obj
e:\repositories\openq4\build_debug\openq4.dir\debug\freeview.obj
e:\repositories\openq4\build_debug\openq4.dir\debug\entity.obj
e:\repositories\openq4\build_debug\openq4.dir\debug\effect.obj
e:\repositories\openq4\build_debug\openq4.dir\debug\camera.obj
e:\repositories\openq4\build_debug\openq4.dir\debug\brittlefracture.obj
e:\repositories\openq4\build_debug\openq4.dir\debug\afentity.obj
e:\repositories\openq4\build_debug\openq4.dir\debug\af.obj
e:\repositories\openq4\build_debug\openq4.dir\debug\actor.obj
e:\repositories\openq4\build_debug\openq4.dir\debug\trigger.obj
e:\repositories\openq4\build_debug\openq4.dir\debug\tramgate.obj
e:\repositories\openq4\build_debug\openq4.dir\debug\target.obj
e:\repositories\openq4\build_debug\openq4.dir\debug\splinemover.obj
e:\repositories\openq4\build_debug\openq4.dir\debug\spawner.obj
e:\repositories\openq4\build_debug\openq4.dir\debug\sound.obj
e:\repositories\openq4\build_debug\openq4.dir\debug\securitycamera.obj
e:\repositories\openq4\build_debug\openq4.dir\debug\pvs.obj
e:\repositories\openq4\build_debug\openq4.dir\debug\projectile.obj
e:\repositories\openq4\build_debug\openq4.dir\debug\player_states.obj
e:\repositories\openq4\build_debug\openq4.dir\debug\player_cheats.obj
e:\repositories\openq4\build_debug\openq4.dir\debug\playerview.obj
e:\repositories\openq4\build_debug\openq4.dir\debug\player.obj
e:\repositories\openq4\build_debug\openq4.dir\debug\playback.obj
e:\repositories\openq4\build_debug\openq4.dir\debug\multiplayergame.obj
e:\repositories\openq4\build_debug\openq4.dir\debug\mover.obj
e:\repositories\openq4\build_debug\openq4.dir\debug\moveable.obj
e:\repositories\openq4\build_debug\openq4.dir\debug\misc.obj
e:\repositories\openq4\build_debug\openq4.dir\debug\lipsync.obj
e:\repositories\openq4\build_debug\openq4.dir\debug\light.obj
e:\repositories\openq4\build_debug\openq4.dir\debug\ai_util.obj
e:\repositories\openq4\build_debug\openq4.dir\debug\ai_tactical.obj
e:\repositories\openq4\build_debug\openq4.dir\debug\ai_states.obj
e:\repositories\openq4\build_debug\openq4.dir\debug\ai_move.obj
e:\repositories\openq4\build_debug\openq4.dir\debug\ai_medic.obj
e:\repositories\openq4\build_debug\openq4.dir\debug\ai_manager.obj
e:\repositories\openq4\build_debug\openq4.dir\debug\ai_debug.obj
e:\repositories\openq4\build_debug\openq4.dir\debug\ai_announcements.obj
e:\repositories\openq4\build_debug\openq4.dir\debug\ai_actions.obj
e:\repositories\openq4\build_debug\openq4.dir\debug\ai.obj
e:\repositories\openq4\build_debug\openq4.dir\debug\aas_tactical.obj
e:\repositories\openq4\build_debug\openq4.dir\debug\aas_routing.obj
e:\repositories\openq4\build_debug\openq4.dir\debug\aas_pathing.obj
e:\repositories\openq4\build_debug\openq4.dir\debug\aas_debug.obj
e:\repositories\openq4\build_debug\openq4.dir\debug\aas_find.obj
e:\repositories\openq4\build_debug\openq4.dir\debug\aascallback_findcoverarea.obj
e:\repositories\openq4\build_debug\openq4.dir\debug\aascallback_avoidlocation.obj
e:\repositories\openq4\build_debug\openq4.dir\debug\aas.obj
e:\repositories\openq4\build_debug\openq4.dir\debug\worldspawn.obj
e:\repositories\openq4\build_debug\openq4.dir\debug\weapon.obj
e:\repositories\openq4\build_debug\openq4.dir\debug\monster_scientist.obj
e:\repositories\openq4\build_debug\openq4.dir\debug\monster_repairbot.obj
e:\repositories\openq4\build_debug\openq4.dir\debug\monster_networkguardian.obj
e:\repositories\openq4\build_debug\openq4.dir\debug\monster_lighttank.obj
e:\repositories\openq4\build_debug\openq4.dir\debug\monster_ironmaiden.obj
e:\repositories\openq4\build_debug\openq4.dir\debug\monster_heavyhovertank.obj
e:\repositories\openq4\build_debug\openq4.dir\debug\monster_harvesterdispersal.obj
e:\repositories\openq4\build_debug\openq4.dir\debug\monster_harvester.obj
e:\repositories\openq4\build_debug\openq4.dir\debug\monster_gunner.obj
e:\repositories\openq4\build_debug\openq4.dir\debug\monster_grunt.obj
e:\repositories\openq4\build_debug\openq4.dir\debug\monster_gladiator.obj
e:\repositories\openq4\build_debug\openq4.dir\debug\monster_fatty.obj
e:\repositories\openq4\build_debug\openq4.dir\debug\monster_failedtransfer.obj
e:\repositories\openq4\build_debug\openq4.dir\debug\monster_convoyhover.obj
e:\repositories\openq4\build_debug\openq4.dir\debug\monster_convoyground.obj
e:\repositories\openq4\build_debug\openq4.dir\debug\monster_bossmakron.obj
e:\repositories\openq4\build_debug\openq4.dir\debug\monster_bossbuddy.obj
e:\repositories\openq4\build_debug\openq4.dir\debug\monster_berserker.obj
e:\repositories\openq4\build_debug\openq4.dir\debug\ai_pathing.obj
e:\repositories\openq4\build_debug\openq4.dir\debug\ai_events.obj
e:\repositories\openq4\build_debug\openq4.dir\debug\botai_battle_fight.obj
e:\repositories\openq4\build_debug\openq4.dir\debug\botai_battle_chase.obj
e:\repositories\openq4\build_debug\openq4.dir\debug\botai_battle_attacked.obj
e:\repositories\openq4\build_debug\openq4.dir\debug\botai.obj
e:\repositories\openq4\build_debug\openq4.dir\debug\bot.obj
e:\repositories\openq4\build_debug\openq4.dir\debug\anim_testmodel.obj
e:\repositories\openq4\build_debug\openq4.dir\debug\anim_import.obj
e:\repositories\openq4\build_debug\openq4.dir\debug\anim_blend.obj
e:\repositories\openq4\build_debug\openq4.dir\debug\anim.obj
e:\repositories\openq4\build_debug\openq4.dir\debug\vehicleai.obj
e:\repositories\openq4\build_debug\openq4.dir\debug\obstacleavoidance.obj
e:\repositories\openq4\build_debug\openq4.dir\debug\monster_turretflying.obj
e:\repositories\openq4\build_debug\openq4.dir\debug\monster_turret.obj
e:\repositories\openq4\build_debug\openq4.dir\debug\monster_teleportdropper.obj
e:\repositories\openq4\build_debug\openq4.dir\debug\monster_stroggmarine.obj
e:\repositories\openq4\build_debug\openq4.dir\debug\monster_strogghover.obj
e:\repositories\openq4\build_debug\openq4.dir\debug\monster_stroggflyer.obj
e:\repositories\openq4\build_debug\openq4.dir\debug\monster_streamprotector.obj
e:\repositories\openq4\build_debug\openq4.dir\debug\monster_slimytransfer.obj
e:\repositories\openq4\build_debug\openq4.dir\debug\monster_sentry.obj
e:\repositories\openq4\build_debug\openq4.dir\debug\savegame.obj
e:\repositories\openq4\build_debug\openq4.dir\debug\event.obj
e:\repositories\openq4\build_debug\openq4.dir\debug\debuggraph.obj
e:\repositories\openq4\build_debug\openq4.dir\debug\class.obj
e:\repositories\openq4\build_debug\openq4.dir\debug\clientmoveable.obj
e:\repositories\openq4\build_debug\openq4.dir\debug\clientmodel.obj
e:\repositories\openq4\build_debug\openq4.dir\debug\cliententity.obj
e:\repositories\openq4\build_debug\openq4.dir\debug\clienteffect.obj
e:\repositories\openq4\build_debug\openq4.dir\debug\clientafentity.obj
e:\repositories\openq4\build_debug\openq4.dir\debug\bot_weights.obj
e:\repositories\openq4\build_debug\openq4.dir\debug\bot_weapons.obj
e:\repositories\openq4\build_debug\openq4.dir\debug\bot_goal.obj
e:\repositories\openq4\build_debug\openq4.dir\debug\bot_chat.obj
e:\repositories\openq4\build_debug\openq4.dir\debug\bot_char.obj
e:\repositories\openq4\build_debug\openq4.dir\debug\bot_input.obj
e:\repositories\openq4\build_debug\openq4.dir\debug\botai_respawn.obj
e:\repositories\openq4\build_debug\openq4.dir\debug\botai_seek_nbg.obj
e:\repositories\openq4\build_debug\openq4.dir\debug\botai_seekltg.obj
e:\repositories\openq4\build_debug\openq4.dir\debug\botai_battle_retreat.obj
e:\repositories\openq4\build_debug\openq4.dir\debug\botai_battle_nbg.obj
e:\repositories\openq4\build_debug\openq4.dir\debug\physics_actor.obj
e:\repositories\openq4\build_debug\openq4.dir\debug\physics_af.obj
e:\repositories\openq4\build_debug\openq4.dir\debug\physics.obj
e:\repositories\openq4\build_debug\openq4.dir\debug\force_spring.obj
e:\repositories\openq4\build_debug\openq4.dir\debug\force_field.obj
e:\repositories\openq4\build_debug\openq4.dir\debug\force_drag.obj
e:\repositories\openq4\build_debug\openq4.dir\debug\force_constant.obj
e:\repositories\openq4\build_debug\openq4.dir\debug\force.obj
e:\repositories\openq4\build_debug\openq4.dir\debug\clip.obj
e:\repositories\openq4\build_debug\openq4.dir\debug\statwindow.obj
e:\repositories\openq4\build_debug\openq4.dir\debug\statmanager.obj
e:\repositories\openq4\build_debug\openq4.dir\debug\statevent.obj
e:\repositories\openq4\build_debug\openq4.dir\debug\voicecomms.obj
e:\repositories\openq4\build_debug\openq4.dir\debug\tourney.obj
e:\repositories\openq4\build_debug\openq4.dir\debug\gamestate.obj
e:\repositories\openq4\build_debug\openq4.dir\debug\ctf.obj
e:\repositories\openq4\build_debug\openq4.dir\debug\buying.obj
e:\repositories\openq4\build_debug\openq4.dir\debug\syscvar.obj
e:\repositories\openq4\build_debug\openq4.dir\debug\syscmds.obj
e:\repositories\openq4\build_debug\openq4.dir\debug\state.obj
e:\repositories\openq4\build_debug\openq4.dir\debug\vehiclemonster.obj
e:\repositories\openq4\build_debug\openq4.dir\debug\vehicledriver.obj
e:\repositories\openq4\build_debug\openq4.dir\debug\vehiclecontroller.obj
e:\repositories\openq4\build_debug\openq4.dir\debug\vehicleanimated.obj
e:\repositories\openq4\build_debug\openq4.dir\debug\vehicle.obj
e:\repositories\openq4\build_debug\openq4.dir\debug\script_thread.obj
e:\repositories\openq4\build_debug\openq4.dir\debug\script_program.obj
e:\repositories\openq4\build_debug\openq4.dir\debug\script_interpreter.obj
e:\repositories\openq4\build_debug\openq4.dir\debug\script_compiler.obj
e:\repositories\openq4\build_debug\openq4.dir\debug\scriptfuncutility.obj
e:\repositories\openq4\build_debug\openq4.dir\debug\push.obj
e:\repositories\openq4\build_debug\openq4.dir\debug\physics_vehiclemonster.obj
e:\repositories\openq4\build_debug\openq4.dir\debug\physics_staticmulti.obj
e:\repositories\openq4\build_debug\openq4.dir\debug\physics_static.obj
e:\repositories\openq4\build_debug\openq4.dir\debug\physics_rigidbody.obj
e:\repositories\openq4\build_debug\openq4.dir\debug\physics_player.obj
e:\repositories\openq4\build_debug\openq4.dir\debug\physics_particle.obj
e:\repositories\openq4\build_debug\openq4.dir\debug\physics_parametric.obj
e:\repositories\openq4\build_debug\openq4.dir\debug\physics_monster.obj
e:\repositories\openq4\build_debug\openq4.dir\debug\physics_base.obj
e:\repositories\openq4\build_debug\openq4.dir\debug\weaponshotgun.obj
e:\repositories\openq4\build_debug\openq4.dir\debug\weaponrocketlauncher.obj
e:\repositories\openq4\build_debug\openq4.dir\debug\weaponrailgun.obj
e:\repositories\openq4\build_debug\openq4.dir\debug\weaponnapalmgun.obj
e:\repositories\openq4\build_debug\openq4.dir\debug\weaponnailgun.obj
e:\repositories\openq4\build_debug\openq4.dir\debug\weaponmachinegun.obj
e:\repositories\openq4\build_debug\openq4.dir\debug\weaponlightninggun.obj
e:\repositories\openq4\build_debug\openq4.dir\debug\weaponhyperblaster.obj
e:\repositories\openq4\build_debug\openq4.dir\debug\weapongrenadelauncher.obj
e:\repositories\openq4\build_debug\openq4.dir\debug\weapongauntlet.obj
e:\repositories\openq4\build_debug\openq4.dir\debug\weapondarkmattergun.obj
e:\repositories\openq4\build_debug\openq4.dir\debug\weaponblaster.obj
e:\repositories\openq4\build_debug\openq4.dir\debug\vehicle_walker.obj
e:\repositories\openq4\build_debug\openq4.dir\debug\vehicle_droppod.obj
e:\repositories\openq4\build_debug\openq4.dir\debug\vehiclestatic.obj
e:\repositories\openq4\build_debug\openq4.dir\debug\vehiclespline.obj
e:\repositories\openq4\build_debug\openq4.dir\debug\vehiclerigid.obj
e:\repositories\openq4\build_debug\openq4.dir\debug\vehicleposition.obj
e:\repositories\openq4\build_debug\openq4.dir\debug\vehicleparts.obj
e:\repositories\openq4\build_debug\openq4.dir\debug\jdatasrc.obj
e:\repositories\openq4\build_debug\openq4.dir\debug\jdatadst.obj
e:\repositories\openq4\build_debug\openq4.dir\debug\jdapistd.obj
e:\repositories\openq4\build_debug\openq4.dir\debug\jdapimin.obj
e:\repositories\openq4\build_debug\openq4.dir\debug\jctrans.obj
e:\repositories\openq4\build_debug\openq4.dir\debug\jcsample.obj
e:\repositories\openq4\build_debug\openq4.dir\debug\jcprepct.obj
e:\repositories\openq4\build_debug\openq4.dir\debug\jcphuff.obj
e:\repositories\openq4\build_debug\openq4.dir\debug\jcparam.obj
e:\repositories\openq4\build_debug\openq4.dir\debug\jcomapi.obj
e:\repositories\openq4\build_debug\openq4.dir\debug\jcmaster.obj
e:\repositories\openq4\build_debug\openq4.dir\debug\jcmarker.obj
e:\repositories\openq4\build_debug\openq4.dir\debug\jcmainct.obj
e:\repositories\openq4\build_debug\openq4.dir\debug\jcinit.obj
e:\repositories\openq4\build_debug\openq4.dir\debug\jchuff.obj
e:\repositories\openq4\build_debug\openq4.dir\debug\jcdctmgr.obj
e:\repositories\openq4\build_debug\openq4.dir\debug\jccolor.obj
e:\repositories\openq4\build_debug\openq4.dir\debug\jccoefct.obj
e:\repositories\openq4\build_debug\openq4.dir\debug\jcapistd.obj
e:\repositories\openq4\build_debug\openq4.dir\debug\jcapimin.obj
e:\repositories\openq4\build_debug\openq4.dir\debug\jidctint.obj
e:\repositories\openq4\build_debug\openq4.dir\debug\jidctfst.obj
e:\repositories\openq4\build_debug\openq4.dir\debug\jidctflt.obj
e:\repositories\openq4\build_debug\openq4.dir\debug\jfdctint.obj
e:\repositories\openq4\build_debug\openq4.dir\debug\jfdctfst.obj
e:\repositories\openq4\build_debug\openq4.dir\debug\jfdctflt.obj
e:\repositories\openq4\build_debug\openq4.dir\debug\jerror.obj
e:\repositories\openq4\build_debug\openq4.dir\debug\jdtrans.obj
e:\repositories\openq4\build_debug\openq4.dir\debug\jdsample.obj
e:\repositories\openq4\build_debug\openq4.dir\debug\jdpostct.obj
e:\repositories\openq4\build_debug\openq4.dir\debug\jdphuff.obj
e:\repositories\openq4\build_debug\openq4.dir\debug\jdmerge.obj
e:\repositories\openq4\build_debug\openq4.dir\debug\jdmaster.obj
e:\repositories\openq4\build_debug\openq4.dir\debug\jdmarker.obj
e:\repositories\openq4\build_debug\openq4.dir\debug\jdmainct.obj
e:\repositories\openq4\build_debug\openq4.dir\debug\jdinput.obj
e:\repositories\openq4\build_debug\openq4.dir\debug\jdhuff.obj
e:\repositories\openq4\build_debug\openq4.dir\debug\jddctmgr.obj
e:\repositories\openq4\build_debug\openq4.dir\debug\jdcolor.obj
e:\repositories\openq4\build_debug\openq4.dir\debug\jdcoefct.obj
e:\repositories\openq4\build_debug\openq4.dir\debug\glew.obj
e:\repositories\openq4\build_debug\openq4.dir\debug\jutils.obj
e:\repositories\openq4\build_debug\openq4.dir\debug\jquant2.obj
e:\repositories\openq4\build_debug\openq4.dir\debug\jquant1.obj
e:\repositories\openq4\build_debug\openq4.dir\debug\jpegtran.obj
e:\repositories\openq4\build_debug\openq4.dir\debug\jmemnobs.obj
e:\repositories\openq4\build_debug\openq4.dir\debug\jmemname.obj
e:\repositories\openq4\build_debug\openq4.dir\debug\jmemmgr.obj
e:\repositories\openq4\build_debug\openq4.dir\debug\jmemdos.obj
e:\repositories\openq4\build_debug\openq4.dir\debug\jmemansi.obj
e:\repositories\openq4\build_debug\openq4.dir\debug\jload.obj
e:\repositories\openq4\build_debug\openq4.dir\debug\jidctred.obj
e:\repositories\openq4\build_debug\cmakefiles\generate.stamp
e:\repositories\openq4\build_debug\openq4.dir\debug\openq4version.res
e:\repositories\openq4\build_debug\debug\openq4.exe
e:\repositories\openq4\build_debug\openq4.dir\debug\openq4.tlog\cl.command.1.tlog
e:\repositories\openq4\build_debug\openq4.dir\debug\openq4.tlog\cl.read.1.tlog
e:\repositories\openq4\build_debug\openq4.dir\debug\openq4.tlog\cl.write.1.tlog
e:\repositories\openq4\build_debug\openq4.dir\debug\openq4.tlog\custombuild.command.1.tlog
e:\repositories\openq4\build_debug\openq4.dir\debug\openq4.tlog\custombuild.read.1.tlog
e:\repositories\openq4\build_debug\openq4.dir\debug\openq4.tlog\custombuild.write.1.tlog
e:\repositories\openq4\build_debug\openq4.dir\debug\openq4.tlog\link.command.1.tlog
e:\repositories\openq4\build_debug\openq4.dir\debug\openq4.tlog\link.read.1.tlog
e:\repositories\openq4\build_debug\openq4.dir\debug\openq4.tlog\link.write.1.tlog
e:\repositories\openq4\build_debug\openq4.dir\debug\openq4.tlog\rc.command.1.tlog
e:\repositories\openq4\build_debug\openq4.dir\debug\openq4.tlog\rc.read.1.tlog
e:\repositories\openq4\build_debug\openq4.dir\debug\openq4.tlog\rc.write.1.tlog
